2023-03-16 17:27:19,606 [Worker-3: Loading available Gradle versions] INFO  o.e.b.c.i.u.g.PublishedGradleVersions - Gradle version information cache is up-to-date. Trying to read.
2023-03-17 15:41:28,937 [Worker-5: Loading available Gradle versions] INFO  o.e.b.c.i.u.g.PublishedGradleVersions - Gradle version information cache is up-to-date. Trying to read.
2023-03-17 15:43:13,228 [Worker-14: Importing Maven projects] INFO  o.e.m.c.i.l.LifecycleMappingFactory - Using org.eclipse.m2e.jdt.JarLifecycleMapping lifecycle mapping for MavenProject: com.einfo.spring:service1:0.0.1-SNAPSHOT @ C:\Users\158300\OneDrive - Arrow Electronics, Inc\Documents\javaCourse\microservices\service1\service1\pom.xml.
2023-03-17 15:43:24,165 [Worker-14: Importing Maven projects] INFO  o.e.m.c.i.e.AbstractTransferListenerAdapter - Downloaded https://artifactory-oss.prod.netflix.net/artifactory/maven-oss-candidates/org/springframework/cloud/spring-cloud-starter-netflix-eureka-client/4.0.0/spring-cloud-starter-netflix-eureka-client-4.0.0.pom
2023-03-17 15:43:24,384 [Worker-14: Importing Maven projects] INFO  o.e.m.c.i.e.AbstractTransferListenerAdapter - Downloading https://repo.maven.apache.org/maven2/org/springframework/cloud/spring-cloud-starter-netflix-eureka-client/4.0.0/spring-cloud-starter-netflix-eureka-client-4.0.0.pom
2023-03-17 15:43:24,455 [Worker-14: Importing Maven projects] INFO  o.e.m.c.i.e.AbstractTransferListenerAdapter - Downloaded https://repo.maven.apache.org/maven2/org/springframework/cloud/spring-cloud-starter-netflix-eureka-client/4.0.0/spring-cloud-starter-netflix-eureka-client-4.0.0.pom
2023-03-17 15:43:36,170 [AetherRepositoryConnector-artifactory-oss.prod.netflix.net-0-1] INFO  o.e.m.c.i.e.AbstractTransferListenerAdapter - Downloaded https://artifactory-oss.prod.netflix.net/artifactory/maven-oss-candidates/com/fasterxml/woodstox/woodstox-core/6.2.1/woodstox-core-6.2.1.jar
2023-03-17 15:43:36,176 [AetherRepositoryConnector-artifactory-oss.prod.netflix.net-0-0] INFO  o.e.m.c.i.e.AbstractTransferListenerAdapter - Downloaded https://artifactory-oss.prod.netflix.net/artifactory/maven-oss-candidates/org/springframework/cloud/spring-cloud-starter-netflix-eureka-client/4.0.0/spring-cloud-starter-netflix-eureka-client-4.0.0.jar
2023-03-17 15:43:36,217 [AetherRepositoryConnector-repo.maven.apache.org-1-1] INFO  o.e.m.c.i.e.AbstractTransferListenerAdapter - Downloading https://repo.maven.apache.org/maven2/com/fasterxml/woodstox/woodstox-core/6.2.1/woodstox-core-6.2.1.jar
2023-03-17 15:43:36,277 [AetherRepositoryConnector-repo.maven.apache.org-1-0] INFO  o.e.m.c.i.e.AbstractTransferListenerAdapter - Downloading https://repo.maven.apache.org/maven2/org/springframework/cloud/spring-cloud-starter-netflix-eureka-client/4.0.0/spring-cloud-starter-netflix-eureka-client-4.0.0.jar
2023-03-17 15:43:36,341 [AetherRepositoryConnector-repo.maven.apache.org-1-0] INFO  o.e.m.c.i.e.AbstractTransferListenerAdapter - Downloaded https://repo.maven.apache.org/maven2/org/springframework/cloud/spring-cloud-starter-netflix-eureka-client/4.0.0/spring-cloud-starter-netflix-eureka-client-4.0.0.jar
2023-03-17 15:43:36,408 [AetherRepositoryConnector-repo.maven.apache.org-1-1] INFO  o.e.m.c.i.e.AbstractTransferListenerAdapter - Downloaded https://repo.maven.apache.org/maven2/com/fasterxml/woodstox/woodstox-core/6.2.1/woodstox-core-6.2.1.jar
2023-03-17 15:43:37,296 [Worker-14: Importing Maven projects] INFO  o.e.m.j.i.AbstractJavaProjectConfigurator - Adding source folder /service1/src/main/java
2023-03-17 15:43:37,298 [Worker-14: Importing Maven projects] INFO  o.e.m.j.i.AbstractJavaProjectConfigurator - Adding resource folder /service1/src/main/resources
2023-03-17 15:43:37,304 [Worker-14: Importing Maven projects] INFO  o.e.m.j.i.AbstractJavaProjectConfigurator - Adding resource folder /service1/src/main/resources
2023-03-17 15:43:37,310 [Worker-14: Importing Maven projects] INFO  o.e.m.j.i.AbstractJavaProjectConfigurator - Adding source folder /service1/src/test/java
2023-03-17 15:43:38,405 [Worker-14: Importing Maven projects] INFO  o.e.m.c.i.p.ProjectConfigurationManager - Imported and configured 1 project(s) in 26 sec
2023-03-17 15:43:49,621 [Worker-18: Download sources and javadoc] INFO  o.e.m.c.i.e.AbstractTransferListenerAdapter - Downloaded https://artifactory-oss.prod.netflix.net/artifactory/maven-oss-candidates/org/springframework/cloud/spring-cloud-starter-netflix-eureka-client/4.0.0/spring-cloud-starter-netflix-eureka-client-4.0.0-sources.jar
2023-03-17 15:43:49,774 [Worker-18: Download sources and javadoc] INFO  o.e.m.c.i.e.AbstractTransferListenerAdapter - Downloaded https://repo.maven.apache.org/maven2/org/springframework/cloud/spring-cloud-starter-netflix-eureka-client/4.0.0/spring-cloud-starter-netflix-eureka-client-4.0.0-sources.jar
2023-03-17 15:43:49,789 [Worker-18: Download sources and javadoc] ERROR o.e.m.j.internal.DownloadSourcesJob - Could not download sources for org.springframework.cloud:spring-cloud-starter-netflix-eureka-client:4.0.0
org.eclipse.core.runtime.CoreException: Could not resolve artifact org.springframework.cloud:spring-cloud-starter-netflix-eureka-client:jar:sources:4.0.0
	at org.eclipse.m2e.core.internal.embedder.MavenImpl.lambda$6(MavenImpl.java:587)
	at org.eclipse.m2e.core.internal.embedder.MavenExecutionContext.executeBare(MavenExecutionContext.java:364)
	at org.eclipse.m2e.core.internal.embedder.MavenExecutionContext.execute(MavenExecutionContext.java:227)
	at org.eclipse.m2e.core.internal.embedder.MavenExecutionContext.execute(MavenExecutionContext.java:213)
	at org.eclipse.m2e.core.internal.embedder.MavenImpl.resolve(MavenImpl.java:556)
	at org.eclipse.m2e.core.internal.embedder.MavenImpl.resolve(MavenImpl.java:541)
	at org.eclipse.m2e.jdt.internal.DownloadSourcesJob.download(DownloadSourcesJob.java:308)
	at org.eclipse.m2e.jdt.internal.DownloadSourcesJob.downloadAttachments(DownloadSourcesJob.java:282)
	at org.eclipse.m2e.jdt.internal.DownloadSourcesJob.downloadMaven(DownloadSourcesJob.java:252)
	at org.eclipse.m2e.jdt.internal.DownloadSourcesJob.downloadFilesAndPopulateToUpdate(DownloadSourcesJob.java:220)
	at org.eclipse.m2e.jdt.internal.DownloadSourcesJob.lambda$0(DownloadSourcesJob.java:149)
	at org.eclipse.m2e.core.internal.embedder.MavenExecutionContext.executeBare(MavenExecutionContext.java:364)
	at org.eclipse.m2e.core.internal.embedder.MavenExecutionContext.execute(MavenExecutionContext.java:274)
	at org.eclipse.m2e.core.internal.embedder.MavenExecutionContext.execute(MavenExecutionContext.java:213)
	at org.eclipse.m2e.core.embedder.IMaven.execute(IMaven.java:294)
	at org.eclipse.m2e.jdt.internal.DownloadSourcesJob.run(DownloadSourcesJob.java:149)
	at org.eclipse.core.internal.jobs.Worker.run(Worker.java:63)
2023-03-17 15:44:01,356 [Worker-18: Download sources and javadoc] INFO  o.e.m.c.i.e.AbstractTransferListenerAdapter - Downloaded https://artifactory-oss.prod.netflix.net/artifactory/maven-oss-candidates/com/fasterxml/woodstox/woodstox-core/6.2.1/woodstox-core-6.2.1-sources.jar
2023-03-17 15:44:01,449 [Worker-18: Download sources and javadoc] INFO  o.e.m.c.i.e.AbstractTransferListenerAdapter - Downloading https://repo.maven.apache.org/maven2/com/fasterxml/woodstox/woodstox-core/6.2.1/woodstox-core-6.2.1-sources.jar
2023-03-17 15:44:01,570 [Worker-18: Download sources and javadoc] INFO  o.e.m.c.i.e.AbstractTransferListenerAdapter - Downloaded https://repo.maven.apache.org/maven2/com/fasterxml/woodstox/woodstox-core/6.2.1/woodstox-core-6.2.1-sources.jar
2023-03-17 15:44:01,585 [Worker-18: Download sources and javadoc] INFO  o.e.m.j.internal.DownloadSourcesJob - Downloaded sources for com.fasterxml.woodstox:woodstox-core:6.2.1
2023-03-17 15:48:40,212 [Worker-2: Download sources and javadoc] INFO  o.e.m.c.i.e.AbstractTransferListenerAdapter - Downloaded https://artifactory-oss.prod.netflix.net/artifactory/maven-oss-candidates/org/springframework/cloud/spring-cloud-starter-netflix-eureka-client/4.0.0/spring-cloud-starter-netflix-eureka-client-4.0.0-javadoc.jar
2023-03-17 15:48:40,303 [Worker-2: Download sources and javadoc] INFO  o.e.m.c.i.e.AbstractTransferListenerAdapter - Downloaded https://repo.maven.apache.org/maven2/org/springframework/cloud/spring-cloud-starter-netflix-eureka-client/4.0.0/spring-cloud-starter-netflix-eureka-client-4.0.0-javadoc.jar
2023-03-17 15:48:40,306 [Worker-2: Download sources and javadoc] ERROR o.e.m.j.internal.DownloadSourcesJob - Could not download javadoc for org.springframework.cloud:spring-cloud-starter-netflix-eureka-client:4.0.0
org.eclipse.core.runtime.CoreException: Could not resolve artifact org.springframework.cloud:spring-cloud-starter-netflix-eureka-client:jar:javadoc:4.0.0
	at org.eclipse.m2e.core.internal.embedder.MavenImpl.lambda$6(MavenImpl.java:587)
	at org.eclipse.m2e.core.internal.embedder.MavenExecutionContext.executeBare(MavenExecutionContext.java:364)
	at org.eclipse.m2e.core.internal.embedder.MavenExecutionContext.execute(MavenExecutionContext.java:227)
	at org.eclipse.m2e.core.internal.embedder.MavenExecutionContext.execute(MavenExecutionContext.java:213)
	at org.eclipse.m2e.core.internal.embedder.MavenImpl.resolve(MavenImpl.java:556)
	at org.eclipse.m2e.core.internal.embedder.MavenImpl.resolve(MavenImpl.java:541)
	at org.eclipse.m2e.jdt.internal.DownloadSourcesJob.download(DownloadSourcesJob.java:308)
	at org.eclipse.m2e.jdt.internal.DownloadSourcesJob.downloadAttachments(DownloadSourcesJob.java:294)
	at org.eclipse.m2e.jdt.internal.DownloadSourcesJob.downloadMaven(DownloadSourcesJob.java:252)
	at org.eclipse.m2e.jdt.internal.DownloadSourcesJob.downloadFilesAndPopulateToUpdate(DownloadSourcesJob.java:220)
	at org.eclipse.m2e.jdt.internal.DownloadSourcesJob.lambda$0(DownloadSourcesJob.java:149)
	at org.eclipse.m2e.core.internal.embedder.MavenExecutionContext.executeBare(MavenExecutionContext.java:364)
	at org.eclipse.m2e.core.internal.embedder.MavenExecutionContext.execute(MavenExecutionContext.java:274)
	at org.eclipse.m2e.core.internal.embedder.MavenExecutionContext.execute(MavenExecutionContext.java:213)
	at org.eclipse.m2e.core.embedder.IMaven.execute(IMaven.java:294)
	at org.eclipse.m2e.jdt.internal.DownloadSourcesJob.run(DownloadSourcesJob.java:149)
	at org.eclipse.core.internal.jobs.Worker.run(Worker.java:63)
2023-03-20 09:50:25,128 [Worker-3: Loading available Gradle versions] INFO  o.e.b.c.i.u.g.PublishedGradleVersions - Gradle version information cache is up-to-date. Trying to read.
2023-03-20 09:50:30,276 [Worker-8: Building] INFO  o.a.m.s.f.DefaultMavenResourcesFiltering - Copying 1 resource
2023-03-20 09:50:30,294 [Worker-8: Building] INFO  o.a.m.s.f.DefaultMavenResourcesFiltering - Copying 0 resource
2023-03-20 09:50:30,331 [Worker-8: Building] INFO  o.a.m.s.f.DefaultMavenResourcesFiltering - skip non existing resourceDirectory C:\Users\158300\OneDrive - Arrow Electronics, Inc\Documents\javaCourse\microservices\service1\service1\src\test\resources
2023-03-20 10:07:37,202 [Worker-23: Import Getting Started Content] INFO  o.e.m.c.i.l.LifecycleMappingFactory - Using org.eclipse.m2e.jdt.JarLifecycleMapping lifecycle mapping for MavenProject: com.einfo.spring:demospringtesting:0.0.1-SNAPSHOT @ C:\Users\158300\OneDrive - Arrow Electronics, Inc\Documents\javaCourse\microservices\service1\demospringtesting\pom.xml.
2023-03-20 10:07:38,073 [Worker-23: Import Getting Started Content] INFO  o.e.m.j.i.AbstractJavaProjectConfigurator - Adding source folder /demospringtesting/src/main/java
2023-03-20 10:07:38,075 [Worker-23: Import Getting Started Content] INFO  o.e.m.j.i.AbstractJavaProjectConfigurator - Adding resource folder /demospringtesting/src/main/resources
2023-03-20 10:07:38,081 [Worker-23: Import Getting Started Content] INFO  o.e.m.j.i.AbstractJavaProjectConfigurator - Adding resource folder /demospringtesting/src/main/resources
2023-03-20 10:07:38,086 [Worker-23: Import Getting Started Content] INFO  o.e.m.j.i.AbstractJavaProjectConfigurator - Adding source folder /demospringtesting/src/test/java
2023-03-20 10:07:38,407 [Worker-23: Import Getting Started Content] INFO  o.e.m.c.i.p.ProjectConfigurationManager - Imported and configured 1 project(s) in 1 sec
2023-03-20 10:07:38,412 [Worker-23: Import Getting Started Content] INFO  o.e.m.c.i.p.ProjectConfigurationManager - Update started
2023-03-20 10:07:38,785 [Worker-23: Import Getting Started Content] INFO  o.e.m.c.i.l.LifecycleMappingFactory - Using org.eclipse.m2e.jdt.JarLifecycleMapping lifecycle mapping for MavenProject: com.einfo.spring:demospringtesting:0.0.1-SNAPSHOT @ C:\Users\158300\OneDrive - Arrow Electronics, Inc\Documents\javaCourse\microservices\service1\demospringtesting\pom.xml.
2023-03-20 10:07:39,323 [Worker-23: Import Getting Started Content] INFO  o.e.m.j.i.AbstractJavaProjectConfigurator - Adding source folder /demospringtesting/src/main/java
2023-03-20 10:07:39,324 [Worker-23: Import Getting Started Content] INFO  o.e.m.j.i.AbstractJavaProjectConfigurator - Adding resource folder /demospringtesting/src/main/resources
2023-03-20 10:07:39,324 [Worker-23: Import Getting Started Content] INFO  o.e.m.j.i.AbstractJavaProjectConfigurator - Adding resource folder /demospringtesting/src/main/resources
2023-03-20 10:07:39,325 [Worker-23: Import Getting Started Content] INFO  o.e.m.j.i.AbstractJavaProjectConfigurator - Adding source folder /demospringtesting/src/test/java
2023-03-20 10:07:39,676 [Worker-23: Import Getting Started Content] INFO  o.e.m.c.i.p.ProjectConfigurationManager - Update completed for 1 poms: local refresh takes 0.00 sec, refresh facades takes 0.00 sec, update config takes 0.00 sec 
2023-03-20 10:27:07,656 [Worker-41: Launching DemospringtestingApplicationTests] INFO  o.e.m.c.i.e.AbstractTransferListenerAdapter - Downloading https://repo.maven.apache.org/maven2/org/junit/platform/junit-platform-launcher/1.9.2/junit-platform-launcher-1.9.2.jar
2023-03-20 10:27:07,723 [Worker-41: Launching DemospringtestingApplicationTests] INFO  o.e.m.c.i.e.AbstractTransferListenerAdapter - Downloaded https://repo.maven.apache.org/maven2/org/junit/platform/junit-platform-launcher/1.9.2/junit-platform-launcher-1.9.2.jar
2023-03-20 11:27:45,324 [Worker-69: Building] INFO  o.e.m.c.i.l.LifecycleMappingFactory - Using org.eclipse.m2e.jdt.JarLifecycleMapping lifecycle mapping for MavenProject: com.einfo.spring:demospringtesting:0.0.1-SNAPSHOT @ C:\Users\158300\OneDrive - Arrow Electronics, Inc\Documents\javaCourse\microservices\service1\demospringtesting\pom.xml.
2023-03-20 11:27:45,840 [Worker-69: Building] INFO  o.a.m.s.f.DefaultMavenResourcesFiltering - Copying 0 resource
2023-03-20 11:27:45,841 [Worker-69: Building] INFO  o.a.m.s.f.DefaultMavenResourcesFiltering - Copying 0 resource
2023-03-20 11:27:45,845 [Worker-69: Building] INFO  o.a.m.s.f.DefaultMavenResourcesFiltering - skip non existing resourceDirectory C:\Users\158300\OneDrive - Arrow Electronics, Inc\Documents\javaCourse\microservices\service1\demospringtesting\src\test\resources
2023-03-20 11:27:46,844 [Worker-69: Download sources and javadoc] INFO  o.e.m.c.i.e.AbstractTransferListenerAdapter - Downloading https://repo.maven.apache.org/maven2/org/projectlombok/lombok/1.18.26/lombok-1.18.26-sources.jar
2023-03-20 11:27:46,944 [Worker-69: Download sources and javadoc] INFO  o.e.m.c.i.e.AbstractTransferListenerAdapter - Downloaded https://repo.maven.apache.org/maven2/org/projectlombok/lombok/1.18.26/lombok-1.18.26-sources.jar
2023-03-20 11:27:46,946 [Worker-69: Download sources and javadoc] INFO  o.e.m.j.internal.DownloadSourcesJob - Downloaded sources for org.projectlombok:lombok:1.18.26
2023-03-20 11:27:47,364 [Worker-75: Building] INFO  o.a.m.s.f.DefaultMavenResourcesFiltering - Copying 1 resource
2023-03-20 11:27:47,375 [Worker-75: Building] INFO  o.a.m.s.f.DefaultMavenResourcesFiltering - Copying 0 resource
2023-03-20 11:27:47,379 [Worker-75: Building] INFO  o.a.m.s.f.DefaultMavenResourcesFiltering - skip non existing resourceDirectory C:\Users\158300\OneDrive - Arrow Electronics, Inc\Documents\javaCourse\microservices\service1\demospringtesting\src\test\resources
2023-03-20 11:27:53,667 [Worker-78: Building] INFO  o.a.m.s.f.DefaultMavenResourcesFiltering - Copying 1 resource
2023-03-20 11:27:53,704 [Worker-78: Building] INFO  o.a.m.s.f.DefaultMavenResourcesFiltering - Copying 0 resource
2023-03-20 11:27:53,706 [Worker-78: Building] INFO  o.a.m.s.f.DefaultMavenResourcesFiltering - skip non existing resourceDirectory C:\Users\158300\OneDrive - Arrow Electronics, Inc\Documents\javaCourse\microservices\service1\demospringtesting\src\test\resources
2023-03-20 11:28:30,453 [Worker-77: Building] INFO  o.a.m.s.f.DefaultMavenResourcesFiltering - Copying 1 resource
2023-03-20 11:28:30,488 [Worker-77: Building] INFO  o.a.m.s.f.DefaultMavenResourcesFiltering - Copying 0 resource
2023-03-20 11:28:30,493 [Worker-77: Building] INFO  o.a.m.s.f.DefaultMavenResourcesFiltering - skip non existing resourceDirectory C:\Users\158300\OneDrive - Arrow Electronics, Inc\Documents\javaCourse\microservices\service1\demospringtesting\src\test\resources
2023-03-20 11:30:20,292 [Worker-81: Building] INFO  o.a.m.s.f.DefaultMavenResourcesFiltering - Copying 1 resource
2023-03-20 11:30:20,298 [Worker-81: Building] INFO  o.a.m.s.f.DefaultMavenResourcesFiltering - Copying 0 resource
2023-03-20 11:30:20,301 [Worker-81: Building] INFO  o.a.m.s.f.DefaultMavenResourcesFiltering - skip non existing resourceDirectory C:\Users\158300\OneDrive - Arrow Electronics, Inc\Documents\javaCourse\microservices\service1\demospringtesting\src\test\resources
2023-03-20 11:33:45,027 [Worker-79: Building] INFO  o.a.m.s.f.DefaultMavenResourcesFiltering - Copying 1 resource
2023-03-20 11:33:45,033 [Worker-79: Building] INFO  o.a.m.s.f.DefaultMavenResourcesFiltering - Copying 0 resource
2023-03-20 11:33:45,036 [Worker-79: Building] INFO  o.a.m.s.f.DefaultMavenResourcesFiltering - skip non existing resourceDirectory C:\Users\158300\OneDrive - Arrow Electronics, Inc\Documents\javaCourse\microservices\service1\demospringtesting\src\test\resources
2023-03-20 11:35:25,013 [Worker-85: Building] INFO  o.a.m.s.f.DefaultMavenResourcesFiltering - Copying 1 resource
2023-03-20 11:35:25,025 [Worker-85: Building] INFO  o.a.m.s.f.DefaultMavenResourcesFiltering - Copying 0 resource
2023-03-20 11:35:25,035 [Worker-85: Building] INFO  o.a.m.s.f.DefaultMavenResourcesFiltering - skip non existing resourceDirectory C:\Users\158300\OneDrive - Arrow Electronics, Inc\Documents\javaCourse\microservices\service1\demospringtesting\src\test\resources
2023-03-20 12:14:57,390 [Worker-90: Building] INFO  o.a.m.s.f.DefaultMavenResourcesFiltering - Copying 1 resource
2023-03-20 12:14:57,396 [Worker-90: Building] INFO  o.a.m.s.f.DefaultMavenResourcesFiltering - Copying 0 resource
2023-03-20 12:14:57,399 [Worker-90: Building] INFO  o.a.m.s.f.DefaultMavenResourcesFiltering - skip non existing resourceDirectory C:\Users\158300\OneDrive - Arrow Electronics, Inc\Documents\javaCourse\microservices\service1\demospringtesting\src\test\resources
2023-03-20 12:16:40,791 [Worker-91: Building] INFO  o.a.m.s.f.DefaultMavenResourcesFiltering - Copying 0 resource
2023-03-20 12:16:40,791 [Worker-91: Building] INFO  o.a.m.s.f.DefaultMavenResourcesFiltering - Copying 0 resource
2023-03-20 12:16:40,794 [Worker-91: Building] INFO  o.a.m.s.f.DefaultMavenResourcesFiltering - skip non existing resourceDirectory C:\Users\158300\OneDrive - Arrow Electronics, Inc\Documents\javaCourse\microservices\service1\demospringtesting\src\test\resources
2023-03-20 12:17:31,493 [Worker-91: Building] INFO  o.a.m.s.f.DefaultMavenResourcesFiltering - Copying 1 resource
2023-03-20 12:17:31,500 [Worker-91: Building] INFO  o.a.m.s.f.DefaultMavenResourcesFiltering - Copying 0 resource
2023-03-20 12:17:31,504 [Worker-91: Building] INFO  o.a.m.s.f.DefaultMavenResourcesFiltering - skip non existing resourceDirectory C:\Users\158300\OneDrive - Arrow Electronics, Inc\Documents\javaCourse\microservices\service1\demospringtesting\src\test\resources
2023-03-20 12:19:06,411 [Worker-93: Building] INFO  o.a.m.s.f.DefaultMavenResourcesFiltering - Copying 1 resource
2023-03-20 12:19:06,415 [Worker-93: Building] INFO  o.a.m.s.f.DefaultMavenResourcesFiltering - Copying 0 resource
2023-03-20 12:19:06,418 [Worker-93: Building] INFO  o.a.m.s.f.DefaultMavenResourcesFiltering - skip non existing resourceDirectory C:\Users\158300\OneDrive - Arrow Electronics, Inc\Documents\javaCourse\microservices\service1\demospringtesting\src\test\resources
2023-03-20 12:19:22,126 [Worker-94: Building] INFO  o.a.m.s.f.DefaultMavenResourcesFiltering - Copying 1 resource
2023-03-20 12:19:22,135 [Worker-94: Building] INFO  o.a.m.s.f.DefaultMavenResourcesFiltering - Copying 0 resource
2023-03-20 12:19:22,139 [Worker-94: Building] INFO  o.a.m.s.f.DefaultMavenResourcesFiltering - skip non existing resourceDirectory C:\Users\158300\OneDrive - Arrow Electronics, Inc\Documents\javaCourse\microservices\service1\demospringtesting\src\test\resources
2023-03-20 12:19:51,857 [Worker-94: Building] INFO  o.a.m.s.f.DefaultMavenResourcesFiltering - Copying 1 resource
2023-03-20 12:19:51,861 [Worker-94: Building] INFO  o.a.m.s.f.DefaultMavenResourcesFiltering - Copying 0 resource
2023-03-20 12:19:51,863 [Worker-94: Building] INFO  o.a.m.s.f.DefaultMavenResourcesFiltering - skip non existing resourceDirectory C:\Users\158300\OneDrive - Arrow Electronics, Inc\Documents\javaCourse\microservices\service1\demospringtesting\src\test\resources
2023-03-20 12:19:53,488 [Worker-93: Building] INFO  o.a.m.s.f.DefaultMavenResourcesFiltering - Copying 1 resource
2023-03-20 12:19:53,496 [Worker-93: Building] INFO  o.a.m.s.f.DefaultMavenResourcesFiltering - Copying 0 resource
2023-03-20 12:19:53,501 [Worker-93: Building] INFO  o.a.m.s.f.DefaultMavenResourcesFiltering - skip non existing resourceDirectory C:\Users\158300\OneDrive - Arrow Electronics, Inc\Documents\javaCourse\microservices\service1\demospringtesting\src\test\resources
2023-03-20 12:19:56,307 [Worker-96: Building] INFO  o.a.m.s.f.DefaultMavenResourcesFiltering - Copying 1 resource
2023-03-20 12:19:56,314 [Worker-96: Building] INFO  o.a.m.s.f.DefaultMavenResourcesFiltering - Copying 0 resource
2023-03-20 12:19:56,318 [Worker-96: Building] INFO  o.a.m.s.f.DefaultMavenResourcesFiltering - skip non existing resourceDirectory C:\Users\158300\OneDrive - Arrow Electronics, Inc\Documents\javaCourse\microservices\service1\demospringtesting\src\test\resources
2023-03-20 12:20:01,453 [Worker-91: Building] INFO  o.a.m.s.f.DefaultMavenResourcesFiltering - Copying 1 resource
2023-03-20 12:20:01,457 [Worker-91: Building] INFO  o.a.m.s.f.DefaultMavenResourcesFiltering - Copying 0 resource
2023-03-20 12:20:01,461 [Worker-91: Building] INFO  o.a.m.s.f.DefaultMavenResourcesFiltering - skip non existing resourceDirectory C:\Users\158300\OneDrive - Arrow Electronics, Inc\Documents\javaCourse\microservices\service1\demospringtesting\src\test\resources
2023-03-20 12:21:15,431 [Worker-93: Building] INFO  o.a.m.s.f.DefaultMavenResourcesFiltering - Copying 1 resource
2023-03-20 12:21:15,437 [Worker-93: Building] INFO  o.a.m.s.f.DefaultMavenResourcesFiltering - Copying 0 resource
2023-03-20 12:21:15,440 [Worker-93: Building] INFO  o.a.m.s.f.DefaultMavenResourcesFiltering - skip non existing resourceDirectory C:\Users\158300\OneDrive - Arrow Electronics, Inc\Documents\javaCourse\microservices\service1\demospringtesting\src\test\resources
2023-03-20 12:21:28,521 [Worker-95: Building] INFO  o.a.m.s.f.DefaultMavenResourcesFiltering - Copying 1 resource
2023-03-20 12:21:28,526 [Worker-95: Building] INFO  o.a.m.s.f.DefaultMavenResourcesFiltering - Copying 0 resource
2023-03-20 12:21:28,529 [Worker-95: Building] INFO  o.a.m.s.f.DefaultMavenResourcesFiltering - skip non existing resourceDirectory C:\Users\158300\OneDrive - Arrow Electronics, Inc\Documents\javaCourse\microservices\service1\demospringtesting\src\test\resources
2023-03-20 13:06:52,405 [Worker-99: Building] INFO  o.e.m.c.i.l.LifecycleMappingFactory - Using org.eclipse.m2e.jdt.JarLifecycleMapping lifecycle mapping for MavenProject: com.einfo.spring:demospringtesting:0.0.1-SNAPSHOT @ C:\Users\158300\OneDrive - Arrow Electronics, Inc\Documents\javaCourse\microservices\service1\demospringtesting\pom.xml.
2023-03-20 13:06:52,716 [Worker-99: Building] INFO  o.e.m.c.i.e.AbstractTransferListenerAdapter - Downloading https://repo.maven.apache.org/maven2/org/springframework/security/spring-security-test/6.0.2/spring-security-test-6.0.2.pom
2023-03-20 13:06:52,760 [Worker-99: Building] INFO  o.e.m.c.i.e.AbstractTransferListenerAdapter - Downloaded https://repo.maven.apache.org/maven2/org/springframework/security/spring-security-test/6.0.2/spring-security-test-6.0.2.pom
2023-03-20 13:06:52,788 [Worker-99: Building] INFO  o.e.m.c.i.e.AbstractTransferListenerAdapter - Downloading https://repo.maven.apache.org/maven2/org/springframework/security/spring-security-core/6.0.2/spring-security-core-6.0.2.pom
2023-03-20 13:06:52,806 [Worker-99: Building] INFO  o.e.m.c.i.e.AbstractTransferListenerAdapter - Downloaded https://repo.maven.apache.org/maven2/org/springframework/security/spring-security-core/6.0.2/spring-security-core-6.0.2.pom
2023-03-20 13:06:52,830 [Worker-99: Building] INFO  o.e.m.c.i.e.AbstractTransferListenerAdapter - Downloading https://repo.maven.apache.org/maven2/org/springframework/security/spring-security-web/6.0.2/spring-security-web-6.0.2.pom
2023-03-20 13:06:52,871 [Worker-99: Building] INFO  o.e.m.c.i.e.AbstractTransferListenerAdapter - Downloaded https://repo.maven.apache.org/maven2/org/springframework/security/spring-security-web/6.0.2/spring-security-web-6.0.2.pom
2023-03-20 13:06:52,992 [AetherRepositoryConnector-repo.maven.apache.org-0-0] INFO  o.e.m.c.i.e.AbstractTransferListenerAdapter - Downloading https://repo.maven.apache.org/maven2/org/springframework/security/spring-security-test/6.0.2/spring-security-test-6.0.2.jar
2023-03-20 13:06:53,017 [AetherRepositoryConnector-repo.maven.apache.org-0-2] INFO  o.e.m.c.i.e.AbstractTransferListenerAdapter - Downloading https://repo.maven.apache.org/maven2/org/springframework/security/spring-security-web/6.0.2/spring-security-web-6.0.2.jar
2023-03-20 13:06:53,046 [AetherRepositoryConnector-repo.maven.apache.org-0-1] INFO  o.e.m.c.i.e.AbstractTransferListenerAdapter - Downloading https://repo.maven.apache.org/maven2/org/springframework/security/spring-security-core/6.0.2/spring-security-core-6.0.2.jar
2023-03-20 13:06:53,059 [AetherRepositoryConnector-repo.maven.apache.org-0-0] INFO  o.e.m.c.i.e.AbstractTransferListenerAdapter - Downloaded https://repo.maven.apache.org/maven2/org/springframework/security/spring-security-test/6.0.2/spring-security-test-6.0.2.jar
2023-03-20 13:06:53,107 [AetherRepositoryConnector-repo.maven.apache.org-0-2] INFO  o.e.m.c.i.e.AbstractTransferListenerAdapter - Downloaded https://repo.maven.apache.org/maven2/org/springframework/security/spring-security-web/6.0.2/spring-security-web-6.0.2.jar
2023-03-20 13:06:53,116 [AetherRepositoryConnector-repo.maven.apache.org-0-1] INFO  o.e.m.c.i.e.AbstractTransferListenerAdapter - Downloaded https://repo.maven.apache.org/maven2/org/springframework/security/spring-security-core/6.0.2/spring-security-core-6.0.2.jar
2023-03-20 13:06:53,487 [Worker-99: Building] INFO  o.a.m.s.f.DefaultMavenResourcesFiltering - Copying 0 resource
2023-03-20 13:06:53,487 [Worker-99: Building] INFO  o.a.m.s.f.DefaultMavenResourcesFiltering - Copying 0 resource
2023-03-20 13:06:53,492 [Worker-99: Building] INFO  o.a.m.s.f.DefaultMavenResourcesFiltering - skip non existing resourceDirectory C:\Users\158300\OneDrive - Arrow Electronics, Inc\Documents\javaCourse\microservices\service1\demospringtesting\src\test\resources
2023-03-20 13:06:54,719 [Worker-102: Building] INFO  o.e.m.c.i.l.LifecycleMappingFactory - Using org.eclipse.m2e.jdt.JarLifecycleMapping lifecycle mapping for MavenProject: com.einfo.spring:demospringtesting:0.0.1-SNAPSHOT @ C:\Users\158300\OneDrive - Arrow Electronics, Inc\Documents\javaCourse\microservices\service1\demospringtesting\pom.xml.
2023-03-20 13:06:54,760 [Worker-97: Download sources and javadoc] INFO  o.e.m.c.i.e.AbstractTransferListenerAdapter - Downloading https://repo.maven.apache.org/maven2/org/springframework/security/spring-security-test/6.0.2/spring-security-test-6.0.2-sources.jar
2023-03-20 13:06:54,810 [Worker-97: Download sources and javadoc] INFO  o.e.m.c.i.e.AbstractTransferListenerAdapter - Downloaded https://repo.maven.apache.org/maven2/org/springframework/security/spring-security-test/6.0.2/spring-security-test-6.0.2-sources.jar
2023-03-20 13:06:54,814 [Worker-97: Download sources and javadoc] INFO  o.e.m.j.internal.DownloadSourcesJob - Downloaded sources for org.springframework.security:spring-security-test:6.0.2
2023-03-20 13:06:54,901 [Worker-97: Download sources and javadoc] INFO  o.e.m.c.i.e.AbstractTransferListenerAdapter - Downloading https://repo.maven.apache.org/maven2/org/springframework/security/spring-security-core/6.0.2/spring-security-core-6.0.2-sources.jar
2023-03-20 13:06:55,000 [Worker-97: Download sources and javadoc] INFO  o.e.m.c.i.e.AbstractTransferListenerAdapter - Downloaded https://repo.maven.apache.org/maven2/org/springframework/security/spring-security-core/6.0.2/spring-security-core-6.0.2-sources.jar
2023-03-20 13:06:55,003 [Worker-97: Download sources and javadoc] INFO  o.e.m.j.internal.DownloadSourcesJob - Downloaded sources for org.springframework.security:spring-security-core:6.0.2
2023-03-20 13:06:55,068 [Worker-97: Download sources and javadoc] INFO  o.e.m.c.i.e.AbstractTransferListenerAdapter - Downloading https://repo.maven.apache.org/maven2/org/springframework/security/spring-security-web/6.0.2/spring-security-web-6.0.2-sources.jar
2023-03-20 13:06:55,165 [Worker-97: Download sources and javadoc] INFO  o.e.m.c.i.e.AbstractTransferListenerAdapter - Downloaded https://repo.maven.apache.org/maven2/org/springframework/security/spring-security-web/6.0.2/spring-security-web-6.0.2-sources.jar
2023-03-20 13:06:55,168 [Worker-97: Download sources and javadoc] INFO  o.e.m.j.internal.DownloadSourcesJob - Downloaded sources for org.springframework.security:spring-security-web:6.0.2
2023-03-20 13:06:55,212 [Worker-102: Building] INFO  o.a.m.s.f.DefaultMavenResourcesFiltering - Copying 1 resource
2023-03-20 13:06:55,226 [Worker-102: Building] INFO  o.a.m.s.f.DefaultMavenResourcesFiltering - Copying 0 resource
2023-03-20 13:06:55,228 [Worker-102: Building] INFO  o.a.m.s.f.DefaultMavenResourcesFiltering - skip non existing resourceDirectory C:\Users\158300\OneDrive - Arrow Electronics, Inc\Documents\javaCourse\microservices\service1\demospringtesting\src\test\resources
2023-03-20 13:06:55,603 [Worker-97: Building] INFO  o.a.m.s.f.DefaultMavenResourcesFiltering - Copying 0 resource
2023-03-20 13:06:55,603 [Worker-97: Building] INFO  o.a.m.s.f.DefaultMavenResourcesFiltering - Copying 0 resource
2023-03-20 13:06:55,606 [Worker-97: Building] INFO  o.a.m.s.f.DefaultMavenResourcesFiltering - skip non existing resourceDirectory C:\Users\158300\OneDrive - Arrow Electronics, Inc\Documents\javaCourse\microservices\service1\demospringtesting\src\test\resources
2023-03-20 13:09:35,567 [Worker-100: Building] INFO  o.e.m.c.i.l.LifecycleMappingFactory - Using org.eclipse.m2e.jdt.JarLifecycleMapping lifecycle mapping for MavenProject: com.einfo.spring:demospringtesting:0.0.1-SNAPSHOT @ C:\Users\158300\OneDrive - Arrow Electronics, Inc\Documents\javaCourse\microservices\service1\demospringtesting\pom.xml.
2023-03-20 13:09:35,988 [Worker-100: Building] INFO  o.a.m.s.f.DefaultMavenResourcesFiltering - Copying 0 resource
2023-03-20 13:09:35,989 [Worker-100: Building] INFO  o.a.m.s.f.DefaultMavenResourcesFiltering - Copying 0 resource
2023-03-20 13:09:35,993 [Worker-100: Building] INFO  o.a.m.s.f.DefaultMavenResourcesFiltering - skip non existing resourceDirectory C:\Users\158300\OneDrive - Arrow Electronics, Inc\Documents\javaCourse\microservices\service1\demospringtesting\src\test\resources
2023-03-20 13:09:37,534 [Worker-102: Building] INFO  o.a.m.s.f.DefaultMavenResourcesFiltering - Copying 1 resource
2023-03-20 13:09:37,544 [Worker-102: Building] INFO  o.a.m.s.f.DefaultMavenResourcesFiltering - Copying 0 resource
2023-03-20 13:09:37,546 [Worker-102: Building] INFO  o.a.m.s.f.DefaultMavenResourcesFiltering - skip non existing resourceDirectory C:\Users\158300\OneDrive - Arrow Electronics, Inc\Documents\javaCourse\microservices\service1\demospringtesting\src\test\resources
2023-03-20 13:09:38,897 [Worker-104: Building] INFO  o.e.m.c.i.l.LifecycleMappingFactory - Using org.eclipse.m2e.jdt.JarLifecycleMapping lifecycle mapping for MavenProject: com.einfo.spring:demospringtesting:0.0.1-SNAPSHOT @ C:\Users\158300\OneDrive - Arrow Electronics, Inc\Documents\javaCourse\microservices\service1\demospringtesting\pom.xml.
2023-03-20 13:09:39,245 [Worker-104: Building] INFO  o.a.m.s.f.DefaultMavenResourcesFiltering - Copying 0 resource
2023-03-20 13:09:39,245 [Worker-104: Building] INFO  o.a.m.s.f.DefaultMavenResourcesFiltering - Copying 0 resource
2023-03-20 13:09:39,249 [Worker-104: Building] INFO  o.a.m.s.f.DefaultMavenResourcesFiltering - skip non existing resourceDirectory C:\Users\158300\OneDrive - Arrow Electronics, Inc\Documents\javaCourse\microservices\service1\demospringtesting\src\test\resources
2023-03-20 13:09:58,932 [Worker-104: Building] INFO  o.a.m.s.f.DefaultMavenResourcesFiltering - Copying 0 resource
2023-03-20 13:09:58,933 [Worker-104: Building] INFO  o.a.m.s.f.DefaultMavenResourcesFiltering - Copying 1 resource
2023-03-20 13:09:58,941 [Worker-104: Building] INFO  o.a.m.s.f.DefaultMavenResourcesFiltering - skip non existing resourceDirectory C:\Users\158300\OneDrive - Arrow Electronics, Inc\Documents\javaCourse\microservices\service1\demospringtesting\src\test\resources
2023-03-20 13:11:46,303 [Worker-102: Building] INFO  o.a.m.s.f.DefaultMavenResourcesFiltering - Copying 0 resource
2023-03-20 13:11:46,304 [Worker-102: Building] INFO  o.a.m.s.f.DefaultMavenResourcesFiltering - Copying 1 resource
2023-03-20 13:11:46,311 [Worker-102: Building] INFO  o.a.m.s.f.DefaultMavenResourcesFiltering - skip non existing resourceDirectory C:\Users\158300\OneDrive - Arrow Electronics, Inc\Documents\javaCourse\microservices\service1\demospringtesting\src\test\resources
2023-03-20 13:12:11,648 [Worker-105: Building] INFO  o.a.m.s.f.DefaultMavenResourcesFiltering - Copying 1 resource
2023-03-20 13:12:11,667 [Worker-105: Building] INFO  o.a.m.s.f.DefaultMavenResourcesFiltering - Copying 1 resource
2023-03-20 13:12:11,673 [Worker-105: Building] INFO  o.a.m.s.f.DefaultMavenResourcesFiltering - skip non existing resourceDirectory C:\Users\158300\OneDrive - Arrow Electronics, Inc\Documents\javaCourse\microservices\service1\demospringtesting\src\test\resources
2023-03-20 13:12:56,148 [Worker-106: Building] INFO  o.a.m.s.f.DefaultMavenResourcesFiltering - Copying 1 resource
2023-03-20 13:12:56,152 [Worker-106: Building] INFO  o.a.m.s.f.DefaultMavenResourcesFiltering - Copying 0 resource
2023-03-20 13:12:56,154 [Worker-106: Building] INFO  o.a.m.s.f.DefaultMavenResourcesFiltering - skip non existing resourceDirectory C:\Users\158300\OneDrive - Arrow Electronics, Inc\Documents\javaCourse\microservices\service1\demospringtesting\src\test\resources
2023-03-20 13:15:09,468 [Worker-105: Building] INFO  o.e.m.c.i.l.LifecycleMappingFactory - Using org.eclipse.m2e.jdt.JarLifecycleMapping lifecycle mapping for MavenProject: com.einfo.spring:demospringtesting:0.0.1-SNAPSHOT @ C:\Users\158300\OneDrive - Arrow Electronics, Inc\Documents\javaCourse\microservices\service1\demospringtesting\pom.xml.
2023-03-20 13:15:10,743 [Worker-105: Building] INFO  o.e.m.c.i.e.AbstractTransferListenerAdapter - Downloaded https://repo.spring.io/milestone/com/fasterxml/jackson/jackson-bom/2.9.4/jackson-bom-2.9.4.pom
2023-03-20 13:15:11,652 [Worker-105: Building] INFO  o.e.m.c.i.e.AbstractTransferListenerAdapter - Downloaded https://repo.spring.io/snapshot/com/fasterxml/jackson/jackson-bom/2.9.4/jackson-bom-2.9.4.pom
2023-03-20 13:15:12,804 [Worker-105: Building] INFO  o.e.m.c.i.e.AbstractTransferListenerAdapter - Downloaded https://dl.bintray.com/rabbitmq/maven-milestones/com/fasterxml/jackson/jackson-bom/2.9.4/jackson-bom-2.9.4.pom
2023-03-20 13:15:12,868 [Worker-105: Building] INFO  o.e.m.c.i.e.AbstractTransferListenerAdapter - Downloading https://repo.maven.apache.org/maven2/com/fasterxml/jackson/jackson-bom/2.9.4/jackson-bom-2.9.4.pom
2023-03-20 13:15:12,918 [Worker-105: Building] INFO  o.e.m.c.i.e.AbstractTransferListenerAdapter - Downloaded https://repo.maven.apache.org/maven2/com/fasterxml/jackson/jackson-bom/2.9.4/jackson-bom-2.9.4.pom
2023-03-20 13:15:13,145 [Worker-105: Building] INFO  o.e.m.c.i.e.AbstractTransferListenerAdapter - Downloaded https://dl.bintray.com/rabbitmq/maven-milestones/com/fasterxml/jackson/jackson-parent/2.9.1/jackson-parent-2.9.1.pom
2023-03-20 13:15:13,161 [Worker-105: Building] INFO  o.e.m.c.i.e.AbstractTransferListenerAdapter - Downloading https://repo.maven.apache.org/maven2/com/fasterxml/jackson/jackson-parent/2.9.1/jackson-parent-2.9.1.pom
2023-03-20 13:15:13,189 [Worker-105: Building] INFO  o.e.m.c.i.e.AbstractTransferListenerAdapter - Downloaded https://repo.maven.apache.org/maven2/com/fasterxml/jackson/jackson-parent/2.9.1/jackson-parent-2.9.1.pom
2023-03-20 13:15:13,412 [Worker-105: Building] INFO  o.e.m.c.i.e.AbstractTransferListenerAdapter - Downloaded https://repo.spring.io/milestone/com/fasterxml/oss-parent/30/oss-parent-30.pom
2023-03-20 13:15:13,647 [Worker-105: Building] INFO  o.e.m.c.i.e.AbstractTransferListenerAdapter - Downloaded https://repo.spring.io/snapshot/com/fasterxml/oss-parent/30/oss-parent-30.pom
2023-03-20 13:15:13,872 [Worker-105: Building] INFO  o.e.m.c.i.e.AbstractTransferListenerAdapter - Downloaded https://dl.bintray.com/rabbitmq/maven-milestones/com/fasterxml/oss-parent/30/oss-parent-30.pom
2023-03-20 13:15:13,888 [Worker-105: Building] INFO  o.e.m.c.i.e.AbstractTransferListenerAdapter - Downloading https://repo.maven.apache.org/maven2/com/fasterxml/oss-parent/30/oss-parent-30.pom
2023-03-20 13:15:13,920 [Worker-105: Building] INFO  o.e.m.c.i.e.AbstractTransferListenerAdapter - Downloaded https://repo.maven.apache.org/maven2/com/fasterxml/oss-parent/30/oss-parent-30.pom
2023-03-20 13:15:14,144 [Worker-105: Building] INFO  o.e.m.c.i.e.AbstractTransferListenerAdapter - Downloaded https://repo.spring.io/milestone/io/netty/netty-bom/4.1.22.Final/netty-bom-4.1.22.Final.pom
2023-03-20 13:15:14,361 [Worker-105: Building] INFO  o.e.m.c.i.e.AbstractTransferListenerAdapter - Downloaded https://repo.spring.io/snapshot/io/netty/netty-bom/4.1.22.Final/netty-bom-4.1.22.Final.pom
2023-03-20 13:15:14,580 [Worker-105: Building] INFO  o.e.m.c.i.e.AbstractTransferListenerAdapter - Downloaded https://dl.bintray.com/rabbitmq/maven-milestones/io/netty/netty-bom/4.1.22.Final/netty-bom-4.1.22.Final.pom
2023-03-20 13:15:14,596 [Worker-105: Building] INFO  o.e.m.c.i.e.AbstractTransferListenerAdapter - Downloading https://repo.maven.apache.org/maven2/io/netty/netty-bom/4.1.22.Final/netty-bom-4.1.22.Final.pom
2023-03-20 13:15:14,625 [Worker-105: Building] INFO  o.e.m.c.i.e.AbstractTransferListenerAdapter - Downloaded https://repo.maven.apache.org/maven2/io/netty/netty-bom/4.1.22.Final/netty-bom-4.1.22.Final.pom
2023-03-20 13:15:14,855 [Worker-105: Building] INFO  o.e.m.c.i.e.AbstractTransferListenerAdapter - Downloaded https://repo.spring.io/milestone/io/projectreactor/reactor-bom/Bismuth-SR7/reactor-bom-Bismuth-SR7.pom
2023-03-20 13:15:15,073 [Worker-105: Building] INFO  o.e.m.c.i.e.AbstractTransferListenerAdapter - Downloaded https://repo.spring.io/snapshot/io/projectreactor/reactor-bom/Bismuth-SR7/reactor-bom-Bismuth-SR7.pom
2023-03-20 13:15:15,311 [Worker-105: Building] INFO  o.e.m.c.i.e.AbstractTransferListenerAdapter - Downloaded https://dl.bintray.com/rabbitmq/maven-milestones/io/projectreactor/reactor-bom/Bismuth-SR7/reactor-bom-Bismuth-SR7.pom
2023-03-20 13:15:15,326 [Worker-105: Building] INFO  o.e.m.c.i.e.AbstractTransferListenerAdapter - Downloading https://repo.maven.apache.org/maven2/io/projectreactor/reactor-bom/Bismuth-SR7/reactor-bom-Bismuth-SR7.pom
2023-03-20 13:15:15,361 [Worker-105: Building] INFO  o.e.m.c.i.e.AbstractTransferListenerAdapter - Downloaded https://repo.maven.apache.org/maven2/io/projectreactor/reactor-bom/Bismuth-SR7/reactor-bom-Bismuth-SR7.pom
2023-03-20 13:15:15,607 [Worker-105: Building] INFO  o.e.m.c.i.e.AbstractTransferListenerAdapter - Downloaded https://repo.spring.io/milestone/org/apache/logging/log4j/log4j-bom/2.10.0/log4j-bom-2.10.0.pom
2023-03-20 13:15:15,824 [Worker-105: Building] INFO  o.e.m.c.i.e.AbstractTransferListenerAdapter - Downloaded https://repo.spring.io/snapshot/org/apache/logging/log4j/log4j-bom/2.10.0/log4j-bom-2.10.0.pom
2023-03-20 13:15:16,058 [Worker-105: Building] INFO  o.e.m.c.i.e.AbstractTransferListenerAdapter - Downloaded https://dl.bintray.com/rabbitmq/maven-milestones/org/apache/logging/log4j/log4j-bom/2.10.0/log4j-bom-2.10.0.pom
2023-03-20 13:15:16,072 [Worker-105: Building] INFO  o.e.m.c.i.e.AbstractTransferListenerAdapter - Downloading https://repo.maven.apache.org/maven2/org/apache/logging/log4j/log4j-bom/2.10.0/log4j-bom-2.10.0.pom
2023-03-20 13:15:16,096 [Worker-105: Building] INFO  o.e.m.c.i.e.AbstractTransferListenerAdapter - Downloaded https://repo.maven.apache.org/maven2/org/apache/logging/log4j/log4j-bom/2.10.0/log4j-bom-2.10.0.pom
2023-03-20 13:15:16,351 [Worker-105: Building] INFO  o.e.m.c.i.e.AbstractTransferListenerAdapter - Downloaded https://repo.spring.io/milestone/org/apache/logging/logging-parent/1/logging-parent-1.pom
2023-03-20 13:15:16,570 [Worker-105: Building] INFO  o.e.m.c.i.e.AbstractTransferListenerAdapter - Downloaded https://repo.spring.io/snapshot/org/apache/logging/logging-parent/1/logging-parent-1.pom
2023-03-20 13:15:16,800 [Worker-105: Building] INFO  o.e.m.c.i.e.AbstractTransferListenerAdapter - Downloaded https://dl.bintray.com/rabbitmq/maven-milestones/org/apache/logging/logging-parent/1/logging-parent-1.pom
2023-03-20 13:15:16,827 [Worker-105: Building] INFO  o.e.m.c.i.e.AbstractTransferListenerAdapter - Downloading https://repo.maven.apache.org/maven2/org/apache/logging/logging-parent/1/logging-parent-1.pom
2023-03-20 13:15:16,856 [Worker-105: Building] INFO  o.e.m.c.i.e.AbstractTransferListenerAdapter - Downloaded https://repo.maven.apache.org/maven2/org/apache/logging/logging-parent/1/logging-parent-1.pom
2023-03-20 13:15:17,082 [Worker-105: Building] INFO  o.e.m.c.i.e.AbstractTransferListenerAdapter - Downloaded https://repo.spring.io/milestone/org/eclipse/jetty/jetty-bom/9.4.8.v20171121/jetty-bom-9.4.8.v20171121.pom
2023-03-20 13:15:17,304 [Worker-105: Building] INFO  o.e.m.c.i.e.AbstractTransferListenerAdapter - Downloaded https://repo.spring.io/snapshot/org/eclipse/jetty/jetty-bom/9.4.8.v20171121/jetty-bom-9.4.8.v20171121.pom
2023-03-20 13:15:17,592 [Worker-105: Building] INFO  o.e.m.c.i.e.AbstractTransferListenerAdapter - Downloaded https://dl.bintray.com/rabbitmq/maven-milestones/org/eclipse/jetty/jetty-bom/9.4.8.v20171121/jetty-bom-9.4.8.v20171121.pom
2023-03-20 13:15:17,616 [Worker-105: Building] INFO  o.e.m.c.i.e.AbstractTransferListenerAdapter - Downloading https://repo.maven.apache.org/maven2/org/eclipse/jetty/jetty-bom/9.4.8.v20171121/jetty-bom-9.4.8.v20171121.pom
2023-03-20 13:15:17,639 [Worker-105: Building] INFO  o.e.m.c.i.e.AbstractTransferListenerAdapter - Downloaded https://repo.maven.apache.org/maven2/org/eclipse/jetty/jetty-bom/9.4.8.v20171121/jetty-bom-9.4.8.v20171121.pom
2023-03-20 13:15:17,864 [Worker-105: Building] INFO  o.e.m.c.i.e.AbstractTransferListenerAdapter - Downloaded https://repo.spring.io/milestone/org/springframework/spring-framework-bom/5.0.4.RELEASE/spring-framework-bom-5.0.4.RELEASE.pom
2023-03-20 13:15:18,096 [Worker-105: Building] INFO  o.e.m.c.i.e.AbstractTransferListenerAdapter - Downloaded https://repo.spring.io/snapshot/org/springframework/spring-framework-bom/5.0.4.RELEASE/spring-framework-bom-5.0.4.RELEASE.pom
2023-03-20 13:15:18,114 [Worker-105: Building] INFO  o.e.m.c.i.e.AbstractTransferListenerAdapter - Downloading https://repo.maven.apache.org/maven2/org/springframework/spring-framework-bom/5.0.4.RELEASE/spring-framework-bom-5.0.4.RELEASE.pom
2023-03-20 13:15:18,140 [Worker-105: Building] INFO  o.e.m.c.i.e.AbstractTransferListenerAdapter - Downloaded https://repo.maven.apache.org/maven2/org/springframework/spring-framework-bom/5.0.4.RELEASE/spring-framework-bom-5.0.4.RELEASE.pom
2023-03-20 13:15:18,364 [Worker-105: Building] INFO  o.e.m.c.i.e.AbstractTransferListenerAdapter - Downloaded https://repo.spring.io/milestone/org/springframework/data/spring-data-releasetrain/Kay-SR5/spring-data-releasetrain-Kay-SR5.pom
2023-03-20 13:15:18,584 [Worker-105: Building] INFO  o.e.m.c.i.e.AbstractTransferListenerAdapter - Downloaded https://repo.spring.io/snapshot/org/springframework/data/spring-data-releasetrain/Kay-SR5/spring-data-releasetrain-Kay-SR5.pom
2023-03-20 13:15:18,805 [Worker-105: Building] INFO  o.e.m.c.i.e.AbstractTransferListenerAdapter - Downloaded https://dl.bintray.com/rabbitmq/maven-milestones/org/springframework/data/spring-data-releasetrain/Kay-SR5/spring-data-releasetrain-Kay-SR5.pom
2023-03-20 13:15:18,825 [Worker-105: Building] INFO  o.e.m.c.i.e.AbstractTransferListenerAdapter - Downloading https://repo.maven.apache.org/maven2/org/springframework/data/spring-data-releasetrain/Kay-SR5/spring-data-releasetrain-Kay-SR5.pom
2023-03-20 13:15:18,846 [Worker-105: Building] INFO  o.e.m.c.i.e.AbstractTransferListenerAdapter - Downloaded https://repo.maven.apache.org/maven2/org/springframework/data/spring-data-releasetrain/Kay-SR5/spring-data-releasetrain-Kay-SR5.pom
2023-03-20 13:15:19,078 [Worker-105: Building] INFO  o.e.m.c.i.e.AbstractTransferListenerAdapter - Downloaded https://repo.spring.io/milestone/org/springframework/data/build/spring-data-build/2.0.5.RELEASE/spring-data-build-2.0.5.RELEASE.pom
2023-03-20 13:15:19,302 [Worker-105: Building] INFO  o.e.m.c.i.e.AbstractTransferListenerAdapter - Downloaded https://repo.spring.io/snapshot/org/springframework/data/build/spring-data-build/2.0.5.RELEASE/spring-data-build-2.0.5.RELEASE.pom
2023-03-20 13:15:19,524 [Worker-105: Building] INFO  o.e.m.c.i.e.AbstractTransferListenerAdapter - Downloaded https://dl.bintray.com/rabbitmq/maven-milestones/org/springframework/data/build/spring-data-build/2.0.5.RELEASE/spring-data-build-2.0.5.RELEASE.pom
2023-03-20 13:15:19,540 [Worker-105: Building] INFO  o.e.m.c.i.e.AbstractTransferListenerAdapter - Downloading https://repo.maven.apache.org/maven2/org/springframework/data/build/spring-data-build/2.0.5.RELEASE/spring-data-build-2.0.5.RELEASE.pom
2023-03-20 13:15:19,566 [Worker-105: Building] INFO  o.e.m.c.i.e.AbstractTransferListenerAdapter - Downloaded https://repo.maven.apache.org/maven2/org/springframework/data/build/spring-data-build/2.0.5.RELEASE/spring-data-build-2.0.5.RELEASE.pom
2023-03-20 13:15:19,838 [Worker-105: Building] INFO  o.e.m.c.i.e.AbstractTransferListenerAdapter - Downloaded https://repo.spring.io/milestone/org/springframework/integration/spring-integration-bom/5.0.3.RELEASE/spring-integration-bom-5.0.3.RELEASE.pom
2023-03-20 13:15:20,062 [Worker-105: Building] INFO  o.e.m.c.i.e.AbstractTransferListenerAdapter - Downloaded https://repo.spring.io/snapshot/org/springframework/integration/spring-integration-bom/5.0.3.RELEASE/spring-integration-bom-5.0.3.RELEASE.pom
2023-03-20 13:15:20,283 [Worker-105: Building] INFO  o.e.m.c.i.e.AbstractTransferListenerAdapter - Downloaded https://dl.bintray.com/rabbitmq/maven-milestones/org/springframework/integration/spring-integration-bom/5.0.3.RELEASE/spring-integration-bom-5.0.3.RELEASE.pom
2023-03-20 13:15:20,300 [Worker-105: Building] INFO  o.e.m.c.i.e.AbstractTransferListenerAdapter - Downloading https://repo.maven.apache.org/maven2/org/springframework/integration/spring-integration-bom/5.0.3.RELEASE/spring-integration-bom-5.0.3.RELEASE.pom
2023-03-20 13:15:20,318 [Worker-105: Building] INFO  o.e.m.c.i.e.AbstractTransferListenerAdapter - Downloaded https://repo.maven.apache.org/maven2/org/springframework/integration/spring-integration-bom/5.0.3.RELEASE/spring-integration-bom-5.0.3.RELEASE.pom
2023-03-20 13:15:20,547 [Worker-105: Building] INFO  o.e.m.c.i.e.AbstractTransferListenerAdapter - Downloaded https://repo.spring.io/milestone/org/springframework/security/spring-security-bom/5.0.3.RELEASE/spring-security-bom-5.0.3.RELEASE.pom
2023-03-20 13:15:20,770 [Worker-105: Building] INFO  o.e.m.c.i.e.AbstractTransferListenerAdapter - Downloaded https://repo.spring.io/snapshot/org/springframework/security/spring-security-bom/5.0.3.RELEASE/spring-security-bom-5.0.3.RELEASE.pom
2023-03-20 13:15:20,996 [Worker-105: Building] INFO  o.e.m.c.i.e.AbstractTransferListenerAdapter - Downloaded https://dl.bintray.com/rabbitmq/maven-milestones/org/springframework/security/spring-security-bom/5.0.3.RELEASE/spring-security-bom-5.0.3.RELEASE.pom
2023-03-20 13:15:21,009 [Worker-105: Building] INFO  o.e.m.c.i.e.AbstractTransferListenerAdapter - Downloading https://repo.maven.apache.org/maven2/org/springframework/security/spring-security-bom/5.0.3.RELEASE/spring-security-bom-5.0.3.RELEASE.pom
2023-03-20 13:15:21,034 [Worker-105: Building] INFO  o.e.m.c.i.e.AbstractTransferListenerAdapter - Downloaded https://repo.maven.apache.org/maven2/org/springframework/security/spring-security-bom/5.0.3.RELEASE/spring-security-bom-5.0.3.RELEASE.pom
2023-03-20 13:15:21,260 [Worker-105: Building] INFO  o.e.m.c.i.e.AbstractTransferListenerAdapter - Downloaded https://repo.spring.io/milestone/org/springframework/session/spring-session-bom/Apple-SR1/spring-session-bom-Apple-SR1.pom
2023-03-20 13:15:21,481 [Worker-105: Building] INFO  o.e.m.c.i.e.AbstractTransferListenerAdapter - Downloaded https://repo.spring.io/snapshot/org/springframework/session/spring-session-bom/Apple-SR1/spring-session-bom-Apple-SR1.pom
2023-03-20 13:15:21,709 [Worker-105: Building] INFO  o.e.m.c.i.e.AbstractTransferListenerAdapter - Downloaded https://dl.bintray.com/rabbitmq/maven-milestones/org/springframework/session/spring-session-bom/Apple-SR1/spring-session-bom-Apple-SR1.pom
2023-03-20 13:15:21,753 [Worker-105: Building] INFO  o.e.m.c.i.e.AbstractTransferListenerAdapter - Downloading https://repo.maven.apache.org/maven2/org/springframework/session/spring-session-bom/Apple-SR1/spring-session-bom-Apple-SR1.pom
2023-03-20 13:15:21,773 [Worker-105: Building] INFO  o.e.m.c.i.e.AbstractTransferListenerAdapter - Downloaded https://repo.maven.apache.org/maven2/org/springframework/session/spring-session-bom/Apple-SR1/spring-session-bom-Apple-SR1.pom
2023-03-20 13:15:21,960 [Worker-105: Building] INFO  o.e.m.c.i.e.AbstractTransferListenerAdapter - Downloading https://repo.maven.apache.org/maven2/cn/antcore/spring-boot-starter-security/1.0.0/spring-boot-starter-security-1.0.0.jar
2023-03-20 13:15:22,215 [Worker-105: Building] INFO  o.e.m.c.i.e.AbstractTransferListenerAdapter - Downloaded https://repo.maven.apache.org/maven2/cn/antcore/spring-boot-starter-security/1.0.0/spring-boot-starter-security-1.0.0.jar
2023-03-20 13:15:22,501 [Worker-105: Building] INFO  o.a.m.s.f.DefaultMavenResourcesFiltering - Copying 0 resource
2023-03-20 13:15:22,501 [Worker-105: Building] INFO  o.a.m.s.f.DefaultMavenResourcesFiltering - Copying 0 resource
2023-03-20 13:15:22,504 [Worker-105: Building] INFO  o.a.m.s.f.DefaultMavenResourcesFiltering - skip non existing resourceDirectory C:\Users\158300\OneDrive - Arrow Electronics, Inc\Documents\javaCourse\microservices\service1\demospringtesting\src\test\resources
2023-03-20 13:15:23,776 [Worker-105: Download sources and javadoc] INFO  o.e.m.c.i.e.AbstractTransferListenerAdapter - Downloading https://repo.maven.apache.org/maven2/cn/antcore/spring-boot-starter-security/1.0.0/spring-boot-starter-security-1.0.0-sources.jar
2023-03-20 13:15:23,975 [Worker-106: Building] INFO  o.a.m.s.f.DefaultMavenResourcesFiltering - Copying 1 resource
2023-03-20 13:15:23,990 [Worker-106: Building] INFO  o.a.m.s.f.DefaultMavenResourcesFiltering - Copying 1 resource
2023-03-20 13:15:23,999 [Worker-106: Building] INFO  o.a.m.s.f.DefaultMavenResourcesFiltering - skip non existing resourceDirectory C:\Users\158300\OneDrive - Arrow Electronics, Inc\Documents\javaCourse\microservices\service1\demospringtesting\src\test\resources
2023-03-20 13:15:24,082 [Worker-105: Download sources and javadoc] INFO  o.e.m.c.i.e.AbstractTransferListenerAdapter - Downloaded https://repo.maven.apache.org/maven2/cn/antcore/spring-boot-starter-security/1.0.0/spring-boot-starter-security-1.0.0-sources.jar
2023-03-20 13:15:24,085 [Worker-105: Download sources and javadoc] INFO  o.e.m.j.internal.DownloadSourcesJob - Downloaded sources for cn.antcore:spring-boot-starter-security:1.0.0
2023-03-20 13:15:25,049 [Worker-106: Building] INFO  o.a.m.s.f.DefaultMavenResourcesFiltering - Copying 0 resource
2023-03-20 13:15:25,049 [Worker-106: Building] INFO  o.a.m.s.f.DefaultMavenResourcesFiltering - Copying 0 resource
2023-03-20 13:15:25,051 [Worker-106: Building] INFO  o.a.m.s.f.DefaultMavenResourcesFiltering - skip non existing resourceDirectory C:\Users\158300\OneDrive - Arrow Electronics, Inc\Documents\javaCourse\microservices\service1\demospringtesting\src\test\resources
2023-03-20 13:15:29,273 [Worker-103: Building] INFO  o.e.m.c.i.l.LifecycleMappingFactory - Using org.eclipse.m2e.jdt.JarLifecycleMapping lifecycle mapping for MavenProject: com.einfo.spring:demospringtesting:0.0.1-SNAPSHOT @ C:\Users\158300\OneDrive - Arrow Electronics, Inc\Documents\javaCourse\microservices\service1\demospringtesting\pom.xml.
2023-03-20 13:15:29,617 [Worker-103: Building] INFO  o.a.m.s.f.DefaultMavenResourcesFiltering - Copying 0 resource
2023-03-20 13:15:29,617 [Worker-103: Building] INFO  o.a.m.s.f.DefaultMavenResourcesFiltering - Copying 0 resource
2023-03-20 13:15:29,621 [Worker-103: Building] INFO  o.a.m.s.f.DefaultMavenResourcesFiltering - skip non existing resourceDirectory C:\Users\158300\OneDrive - Arrow Electronics, Inc\Documents\javaCourse\microservices\service1\demospringtesting\src\test\resources
2023-03-20 13:15:30,617 [Worker-106: Download sources and javadoc] INFO  o.e.m.c.i.e.AbstractTransferListenerAdapter - Downloading https://repo.maven.apache.org/maven2/org/springframework/boot/spring-boot-starter-security/3.0.4/spring-boot-starter-security-3.0.4-sources.jar
2023-03-20 13:15:30,645 [Worker-106: Download sources and javadoc] INFO  o.e.m.c.i.e.AbstractTransferListenerAdapter - Downloaded https://repo.maven.apache.org/maven2/org/springframework/boot/spring-boot-starter-security/3.0.4/spring-boot-starter-security-3.0.4-sources.jar
2023-03-20 13:15:30,648 [Worker-106: Download sources and javadoc] INFO  o.e.m.j.internal.DownloadSourcesJob - Downloaded sources for org.springframework.boot:spring-boot-starter-security:3.0.4
2023-03-20 13:15:30,723 [Worker-106: Download sources and javadoc] INFO  o.e.m.c.i.e.AbstractTransferListenerAdapter - Downloading https://repo.maven.apache.org/maven2/org/springframework/security/spring-security-config/6.0.2/spring-security-config-6.0.2-sources.jar
2023-03-20 13:15:30,832 [Worker-106: Download sources and javadoc] INFO  o.e.m.c.i.e.AbstractTransferListenerAdapter - Downloaded https://repo.maven.apache.org/maven2/org/springframework/security/spring-security-config/6.0.2/spring-security-config-6.0.2-sources.jar
2023-03-20 13:15:30,836 [Worker-106: Download sources and javadoc] INFO  o.e.m.j.internal.DownloadSourcesJob - Downloaded sources for org.springframework.security:spring-security-config:6.0.2
2023-03-20 13:15:31,110 [Worker-107: Building] INFO  o.a.m.s.f.DefaultMavenResourcesFiltering - Copying 1 resource
2023-03-20 13:15:31,122 [Worker-107: Building] INFO  o.a.m.s.f.DefaultMavenResourcesFiltering - Copying 1 resource
2023-03-20 13:15:31,127 [Worker-107: Building] INFO  o.a.m.s.f.DefaultMavenResourcesFiltering - skip non existing resourceDirectory C:\Users\158300\OneDrive - Arrow Electronics, Inc\Documents\javaCourse\microservices\service1\demospringtesting\src\test\resources
2023-03-20 13:16:05,293 [Worker-107: Building] INFO  o.e.m.c.i.l.LifecycleMappingFactory - Using org.eclipse.m2e.jdt.JarLifecycleMapping lifecycle mapping for MavenProject: com.einfo.spring:demospringtesting:0.0.1-SNAPSHOT @ C:\Users\158300\OneDrive - Arrow Electronics, Inc\Documents\javaCourse\microservices\service1\demospringtesting\pom.xml.
2023-03-20 13:16:05,631 [Worker-107: Building] INFO  o.a.m.s.f.DefaultMavenResourcesFiltering - Copying 0 resource
2023-03-20 13:16:05,631 [Worker-107: Building] INFO  o.a.m.s.f.DefaultMavenResourcesFiltering - Copying 0 resource
2023-03-20 13:16:05,636 [Worker-107: Building] INFO  o.a.m.s.f.DefaultMavenResourcesFiltering - skip non existing resourceDirectory C:\Users\158300\OneDrive - Arrow Electronics, Inc\Documents\javaCourse\microservices\service1\demospringtesting\src\test\resources
2023-03-20 13:20:08,246 [Worker-109: Building] INFO  o.a.m.s.f.DefaultMavenResourcesFiltering - Copying 1 resource
2023-03-20 13:20:08,261 [Worker-109: Building] INFO  o.a.m.s.f.DefaultMavenResourcesFiltering - Copying 0 resource
2023-03-20 13:20:08,264 [Worker-109: Building] INFO  o.a.m.s.f.DefaultMavenResourcesFiltering - skip non existing resourceDirectory C:\Users\158300\OneDrive - Arrow Electronics, Inc\Documents\javaCourse\microservices\service1\demospringtesting\src\test\resources
2023-03-20 13:20:15,466 [Worker-109: Launching demospringtesting - DemospringtestingApplication] INFO  o.a.m.s.f.DefaultMavenResourcesFiltering - Copying 1 resource
2023-03-20 13:20:15,473 [Worker-109: Launching demospringtesting - DemospringtestingApplication] INFO  o.a.m.s.f.DefaultMavenResourcesFiltering - Copying 1 resource
2023-03-20 13:20:15,476 [Worker-109: Launching demospringtesting - DemospringtestingApplication] INFO  o.a.m.s.f.DefaultMavenResourcesFiltering - skip non existing resourceDirectory C:\Users\158300\OneDrive - Arrow Electronics, Inc\Documents\javaCourse\microservices\service1\demospringtesting\src\test\resources
